2024-02-14 09:23:06 2.1.2.4 Newtonsoft.Json.JsonSerializationException: Error resolving type specified in JSON 'System.Collections.Generic.List`1[[GS.Parking.Devices.Dal.IGreenCardReaderInfo, GS.Parking.Devices.Dal]], mscorlib'. Path 'Sections.Lane1.ModWinsCards.$type', line 151, position 134. ---> Newtonsoft.Json.JsonSerializationException: Could not find type 'System.Collections.Generic.List`1[[GS.Parking.Devices.Dal.IGreenCardReaderInfo, GS.Parking.Devices.Dal]]' in assembly 'mscorlib, Version=4.0.0.0, Culture=neutral, PublicKeyToken=b77a5c561934e089'.
   at Newtonsoft.Json.Serialization.DefaultSerializationBinder.GetTypeFromTypeNameKey(TypeNameKey typeNameKey)
   at Newtonsoft.Json.Utilities.ThreadSafeStore`2.AddValue(TKey key)
   at Newtonsoft.Json.Utilities.ThreadSafeStore`2.Get(TKey key)
   at Newtonsoft.Json.Serialization.DefaultSerializationBinder.BindToType(String assemblyName, String typeName)
   at Newtonsoft.Json.Serialization.JsonSerializerInternalReader.ResolveTypeName(JsonReader reader, Type& objectType, JsonContract& contract, JsonProperty member, JsonContainerContract containerContract, JsonProperty containerMember, String qualifiedTypeName)
   --- End of inner exception stack trace ---
   at Newtonsoft.Json.Serialization.JsonSerializerInternalReader.ResolveTypeName(JsonReader reader, Type& objectType, JsonContract& contract, JsonProperty member, JsonContainerContract containerContract, JsonProperty containerMember, String qualifiedTypeName)
   at Newtonsoft.Json.Serialization.JsonSerializerInternalReader.ReadMetadataProperties(JsonReader reader, Type& objectType, JsonContract& contract, JsonProperty member, JsonContainerContract containerContract, JsonProperty containerMember, Object existingValue, Object& newValue, String& id)
   at Newtonsoft.Json.Serialization.JsonSerializerInternalReader.CreateObject(JsonReader reader, Type objectType, JsonContract contract, JsonProperty member, JsonContainerContract containerContract, JsonProperty containerMember, Object existingValue)
   at Newtonsoft.Json.Serialization.JsonSerializerInternalReader.CreateValueInternal(JsonReader reader, Type objectType, JsonContract contract, JsonProperty member, JsonContainerContract containerContract, JsonProperty containerMember, Object existingValue)
   at Newtonsoft.Json.Serialization.JsonSerializerInternalReader.SetPropertyValue(JsonProperty property, JsonConverter propertyConverter, JsonContainerContract containerContract, JsonProperty containerProperty, JsonReader reader, Object target)
   at Newtonsoft.Json.Serialization.JsonSerializerInternalReader.PopulateObject(Object newObject, JsonReader reader, JsonObjectContract contract, JsonProperty member, String id)
   at Newtonsoft.Json.Serialization.JsonSerializerInternalReader.CreateObject(JsonReader reader, Type objectType, JsonContract contract, JsonProperty member, JsonContainerContract containerContract, JsonProperty containerMember, Object existingValue)
   at Newtonsoft.Json.Serialization.JsonSerializerInternalReader.CreateValueInternal(JsonReader reader, Type objectType, JsonContract contract, JsonProperty member, JsonContainerContract containerContract, JsonProperty containerMember, Object existingValue)
   at Newtonsoft.Json.Serialization.JsonSerializerInternalReader.PopulateDictionary(IDictionary dictionary, JsonReader reader, JsonDictionaryContract contract, JsonProperty containerProperty, String id)
   at Newtonsoft.Json.Serialization.JsonSerializerInternalReader.CreateObject(JsonReader reader, Type objectType, JsonContract contract, JsonProperty member, JsonContainerContract containerContract, JsonProperty containerMember, Object existingValue)
   at Newtonsoft.Json.Serialization.JsonSerializerInternalReader.CreateValueInternal(JsonReader reader, Type objectType, JsonContract contract, JsonProperty member, JsonContainerContract containerContract, JsonProperty containerMember, Object existingValue)
   at Newtonsoft.Json.Serialization.JsonSerializerInternalReader.SetPropertyValue(JsonProperty property, JsonConverter propertyConverter, JsonContainerContract containerContract, JsonProperty containerProperty, JsonReader reader, Object target)
   at Newtonsoft.Json.Serialization.JsonSerializerInternalReader.PopulateObject(Object newObject, JsonReader reader, JsonObjectContract contract, JsonProperty member, String id)
   at Newtonsoft.Json.Serialization.JsonSerializerInternalReader.CreateObject(JsonReader reader, Type objectType, JsonContract contract, JsonProperty member, JsonContainerContract containerContract, JsonProperty containerMember, Object existingValue)
   at Newtonsoft.Json.Serialization.JsonSerializerInternalReader.CreateValueInternal(JsonReader reader, Type objectType, JsonContract contract, JsonProperty member, JsonContainerContract containerContract, JsonProperty containerMember, Object existingValue)
   at Newtonsoft.Json.Serialization.JsonSerializerInternalReader.Deserialize(JsonReader reader, Type objectType, Boolean checkAdditionalContent)
   at Newtonsoft.Json.JsonSerializer.DeserializeInternal(JsonReader reader, Type objectType)
   at Newtonsoft.Json.JsonConvert.DeserializeObject(String value, Type type, JsonSerializerSettings settings)
   at Newtonsoft.Json.JsonConvert.DeserializeObject[T](String value, JsonSerializerSettings settings)
   at Green.Apms.Terminal.Core.Services.BaseSettings`1.Load() in C:\Users\dinht\Downloads\sparking_20220125-default (1)\sparking_20220125-default\Green.Apms.Terminal.Core\Services\Settings\BaseSettings.cs:line 158 
2024-02-14 09:23:06 2.1.2.4 Newtonsoft.Json.JsonSerializationException: Error resolving type specified in JSON 'System.Collections.Generic.List`1[[GS.Parking.Devices.Dal.IGreenCardReaderInfo, GS.Parking.Devices.Dal]], mscorlib'. Path 'Sections.Lane1.ModWinsCards.$type', line 151, position 134. ---> Newtonsoft.Json.JsonSerializationException: Could not find type 'System.Collections.Generic.List`1[[GS.Parking.Devices.Dal.IGreenCardReaderInfo, GS.Parking.Devices.Dal]]' in assembly 'mscorlib, Version=4.0.0.0, Culture=neutral, PublicKeyToken=b77a5c561934e089'.
   at Newtonsoft.Json.Serialization.DefaultSerializationBinder.GetTypeFromTypeNameKey(TypeNameKey typeNameKey)
   at Newtonsoft.Json.Utilities.ThreadSafeStore`2.AddValue(TKey key)
   at Newtonsoft.Json.Utilities.ThreadSafeStore`2.Get(TKey key)
   at Newtonsoft.Json.Serialization.DefaultSerializationBinder.BindToType(String assemblyName, String typeName)
   at Newtonsoft.Json.Serialization.JsonSerializerInternalReader.ResolveTypeName(JsonReader reader, Type& objectType, JsonContract& contract, JsonProperty member, JsonContainerContract containerContract, JsonProperty containerMember, String qualifiedTypeName)
   --- End of inner exception stack trace ---
   at Newtonsoft.Json.Serialization.JsonSerializerInternalReader.ResolveTypeName(JsonReader reader, Type& objectType, JsonContract& contract, JsonProperty member, JsonContainerContract containerContract, JsonProperty containerMember, String qualifiedTypeName)
   at Newtonsoft.Json.Serialization.JsonSerializerInternalReader.ReadMetadataProperties(JsonReader reader, Type& objectType, JsonContract& contract, JsonProperty member, JsonContainerContract containerContract, JsonProperty containerMember, Object existingValue, Object& newValue, String& id)
   at Newtonsoft.Json.Serialization.JsonSerializerInternalReader.CreateObject(JsonReader reader, Type objectType, JsonContract contract, JsonProperty member, JsonContainerContract containerContract, JsonProperty containerMember, Object existingValue)
   at Newtonsoft.Json.Serialization.JsonSerializerInternalReader.CreateValueInternal(JsonReader reader, Type objectType, JsonContract contract, JsonProperty member, JsonContainerContract containerContract, JsonProperty containerMember, Object existingValue)
   at Newtonsoft.Json.Serialization.JsonSerializerInternalReader.SetPropertyValue(JsonProperty property, JsonConverter propertyConverter, JsonContainerContract containerContract, JsonProperty containerProperty, JsonReader reader, Object target)
   at Newtonsoft.Json.Serialization.JsonSerializerInternalReader.PopulateObject(Object newObject, JsonReader reader, JsonObjectContract contract, JsonProperty member, String id)
   at Newtonsoft.Json.Serialization.JsonSerializerInternalReader.CreateObject(JsonReader reader, Type objectType, JsonContract contract, JsonProperty member, JsonContainerContract containerContract, JsonProperty containerMember, Object existingValue)
   at Newtonsoft.Json.Serialization.JsonSerializerInternalReader.CreateValueInternal(JsonReader reader, Type objectType, JsonContract contract, JsonProperty member, JsonContainerContract containerContract, JsonProperty containerMember, Object existingValue)
   at Newtonsoft.Json.Serialization.JsonSerializerInternalReader.PopulateDictionary(IDictionary dictionary, JsonReader reader, JsonDictionaryContract contract, JsonProperty containerProperty, String id)
   at Newtonsoft.Json.Serialization.JsonSerializerInternalReader.CreateObject(JsonReader reader, Type objectType, JsonContract contract, JsonProperty member, JsonContainerContract containerContract, JsonProperty containerMember, Object existingValue)
   at Newtonsoft.Json.Serialization.JsonSerializerInternalReader.CreateValueInternal(JsonReader reader, Type objectType, JsonContract contract, JsonProperty member, JsonContainerContract containerContract, JsonProperty containerMember, Object existingValue)
   at Newtonsoft.Json.Serialization.JsonSerializerInternalReader.SetPropertyValue(JsonProperty property, JsonConverter propertyConverter, JsonContainerContract containerContract, JsonProperty containerProperty, JsonReader reader, Object target)
   at Newtonsoft.Json.Serialization.JsonSerializerInternalReader.PopulateObject(Object newObject, JsonReader reader, JsonObjectContract contract, JsonProperty member, String id)
   at Newtonsoft.Json.Serialization.JsonSerializerInternalReader.CreateObject(JsonReader reader, Type objectType, JsonContract contract, JsonProperty member, JsonContainerContract containerContract, JsonProperty containerMember, Object existingValue)
   at Newtonsoft.Json.Serialization.JsonSerializerInternalReader.CreateValueInternal(JsonReader reader, Type objectType, JsonContract contract, JsonProperty member, JsonContainerContract containerContract, JsonProperty containerMember, Object existingValue)
   at Newtonsoft.Json.Serialization.JsonSerializerInternalReader.Deserialize(JsonReader reader, Type objectType, Boolean checkAdditionalContent)
   at Newtonsoft.Json.JsonSerializer.DeserializeInternal(JsonReader reader, Type objectType)
   at Newtonsoft.Json.JsonConvert.DeserializeObject(String value, Type type, JsonSerializerSettings settings)
   at Newtonsoft.Json.JsonConvert.DeserializeObject[T](String value, JsonSerializerSettings settings)
   at Green.Apms.Terminal.Core.Services.BaseSettings`1.Load() in C:\Users\dinht\Downloads\sparking_20220125-default (1)\sparking_20220125-default\Green.Apms.Terminal.Core\Services\Settings\BaseSettings.cs:line 158 
2024-02-14 09:28:30 2.1.2.4 Newtonsoft.Json.JsonSerializationException: Error resolving type specified in JSON 'System.Collections.Generic.List`1[[GS.Parking.Devices.Dal.IGreenCardReaderInfo, GS.Parking.Devices.Dal]], mscorlib'. Path 'Sections.Lane1.ModWinsCards.$type', line 151, position 134. ---> Newtonsoft.Json.JsonSerializationException: Could not find type 'System.Collections.Generic.List`1[[GS.Parking.Devices.Dal.IGreenCardReaderInfo, GS.Parking.Devices.Dal]]' in assembly 'mscorlib, Version=4.0.0.0, Culture=neutral, PublicKeyToken=b77a5c561934e089'.
   at Newtonsoft.Json.Serialization.DefaultSerializationBinder.GetTypeFromTypeNameKey(TypeNameKey typeNameKey)
   at Newtonsoft.Json.Utilities.ThreadSafeStore`2.AddValue(TKey key)
   at Newtonsoft.Json.Utilities.ThreadSafeStore`2.Get(TKey key)
   at Newtonsoft.Json.Serialization.DefaultSerializationBinder.BindToType(String assemblyName, String typeName)
   at Newtonsoft.Json.Serialization.JsonSerializerInternalReader.ResolveTypeName(JsonReader reader, Type& objectType, JsonContract& contract, JsonProperty member, JsonContainerContract containerContract, JsonProperty containerMember, String qualifiedTypeName)
   --- End of inner exception stack trace ---
   at Newtonsoft.Json.Serialization.JsonSerializerInternalReader.ResolveTypeName(JsonReader reader, Type& objectType, JsonContract& contract, JsonProperty member, JsonContainerContract containerContract, JsonProperty containerMember, String qualifiedTypeName)
   at Newtonsoft.Json.Serialization.JsonSerializerInternalReader.ReadMetadataProperties(JsonReader reader, Type& objectType, JsonContract& contract, JsonProperty member, JsonContainerContract containerContract, JsonProperty containerMember, Object existingValue, Object& newValue, String& id)
   at Newtonsoft.Json.Serialization.JsonSerializerInternalReader.CreateObject(JsonReader reader, Type objectType, JsonContract contract, JsonProperty member, JsonContainerContract containerContract, JsonProperty containerMember, Object existingValue)
   at Newtonsoft.Json.Serialization.JsonSerializerInternalReader.CreateValueInternal(JsonReader reader, Type objectType, JsonContract contract, JsonProperty member, JsonContainerContract containerContract, JsonProperty containerMember, Object existingValue)
   at Newtonsoft.Json.Serialization.JsonSerializerInternalReader.SetPropertyValue(JsonProperty property, JsonConverter propertyConverter, JsonContainerContract containerContract, JsonProperty containerProperty, JsonReader reader, Object target)
   at Newtonsoft.Json.Serialization.JsonSerializerInternalReader.PopulateObject(Object newObject, JsonReader reader, JsonObjectContract contract, JsonProperty member, String id)
   at Newtonsoft.Json.Serialization.JsonSerializerInternalReader.CreateObject(JsonReader reader, Type objectType, JsonContract contract, JsonProperty member, JsonContainerContract containerContract, JsonProperty containerMember, Object existingValue)
   at Newtonsoft.Json.Serialization.JsonSerializerInternalReader.CreateValueInternal(JsonReader reader, Type objectType, JsonContract contract, JsonProperty member, JsonContainerContract containerContract, JsonProperty containerMember, Object existingValue)
   at Newtonsoft.Json.Serialization.JsonSerializerInternalReader.PopulateDictionary(IDictionary dictionary, JsonReader reader, JsonDictionaryContract contract, JsonProperty containerProperty, String id)
   at Newtonsoft.Json.Serialization.JsonSerializerInternalReader.CreateObject(JsonReader reader, Type objectType, JsonContract contract, JsonProperty member, JsonContainerContract containerContract, JsonProperty containerMember, Object existingValue)
   at Newtonsoft.Json.Serialization.JsonSerializerInternalReader.CreateValueInternal(JsonReader reader, Type objectType, JsonContract contract, JsonProperty member, JsonContainerContract containerContract, JsonProperty containerMember, Object existingValue)
   at Newtonsoft.Json.Serialization.JsonSerializerInternalReader.SetPropertyValue(JsonProperty property, JsonConverter propertyConverter, JsonContainerContract containerContract, JsonProperty containerProperty, JsonReader reader, Object target)
   at Newtonsoft.Json.Serialization.JsonSerializerInternalReader.PopulateObject(Object newObject, JsonReader reader, JsonObjectContract contract, JsonProperty member, String id)
   at Newtonsoft.Json.Serialization.JsonSerializerInternalReader.CreateObject(JsonReader reader, Type objectType, JsonContract contract, JsonProperty member, JsonContainerContract containerContract, JsonProperty containerMember, Object existingValue)
   at Newtonsoft.Json.Serialization.JsonSerializerInternalReader.CreateValueInternal(JsonReader reader, Type objectType, JsonContract contract, JsonProperty member, JsonContainerContract containerContract, JsonProperty containerMember, Object existingValue)
   at Newtonsoft.Json.Serialization.JsonSerializerInternalReader.Deserialize(JsonReader reader, Type objectType, Boolean checkAdditionalContent)
   at Newtonsoft.Json.JsonSerializer.DeserializeInternal(JsonReader reader, Type objectType)
   at Newtonsoft.Json.JsonConvert.DeserializeObject(String value, Type type, JsonSerializerSettings settings)
   at Newtonsoft.Json.JsonConvert.DeserializeObject[T](String value, JsonSerializerSettings settings)
   at Green.Apms.Terminal.Core.Services.BaseSettings`1.Load() in C:\Users\dinht\Downloads\sparking_20220125-default (1)\sparking_20220125-default\Green.Apms.Terminal.Core\Services\Settings\BaseSettings.cs:line 158 
2024-02-14 09:28:30 2.1.2.4 Newtonsoft.Json.JsonSerializationException: Error resolving type specified in JSON 'System.Collections.Generic.List`1[[GS.Parking.Devices.Dal.IGreenCardReaderInfo, GS.Parking.Devices.Dal]], mscorlib'. Path 'Sections.Lane1.ModWinsCards.$type', line 151, position 134. ---> Newtonsoft.Json.JsonSerializationException: Could not find type 'System.Collections.Generic.List`1[[GS.Parking.Devices.Dal.IGreenCardReaderInfo, GS.Parking.Devices.Dal]]' in assembly 'mscorlib, Version=4.0.0.0, Culture=neutral, PublicKeyToken=b77a5c561934e089'.
   at Newtonsoft.Json.Serialization.DefaultSerializationBinder.GetTypeFromTypeNameKey(TypeNameKey typeNameKey)
   at Newtonsoft.Json.Utilities.ThreadSafeStore`2.AddValue(TKey key)
   at Newtonsoft.Json.Utilities.ThreadSafeStore`2.Get(TKey key)
   at Newtonsoft.Json.Serialization.DefaultSerializationBinder.BindToType(String assemblyName, String typeName)
   at Newtonsoft.Json.Serialization.JsonSerializerInternalReader.ResolveTypeName(JsonReader reader, Type& objectType, JsonContract& contract, JsonProperty member, JsonContainerContract containerContract, JsonProperty containerMember, String qualifiedTypeName)
   --- End of inner exception stack trace ---
   at Newtonsoft.Json.Serialization.JsonSerializerInternalReader.ResolveTypeName(JsonReader reader, Type& objectType, JsonContract& contract, JsonProperty member, JsonContainerContract containerContract, JsonProperty containerMember, String qualifiedTypeName)
   at Newtonsoft.Json.Serialization.JsonSerializerInternalReader.ReadMetadataProperties(JsonReader reader, Type& objectType, JsonContract& contract, JsonProperty member, JsonContainerContract containerContract, JsonProperty containerMember, Object existingValue, Object& newValue, String& id)
   at Newtonsoft.Json.Serialization.JsonSerializerInternalReader.CreateObject(JsonReader reader, Type objectType, JsonContract contract, JsonProperty member, JsonContainerContract containerContract, JsonProperty containerMember, Object existingValue)
   at Newtonsoft.Json.Serialization.JsonSerializerInternalReader.CreateValueInternal(JsonReader reader, Type objectType, JsonContract contract, JsonProperty member, JsonContainerContract containerContract, JsonProperty containerMember, Object existingValue)
   at Newtonsoft.Json.Serialization.JsonSerializerInternalReader.SetPropertyValue(JsonProperty property, JsonConverter propertyConverter, JsonContainerContract containerContract, JsonProperty containerProperty, JsonReader reader, Object target)
   at Newtonsoft.Json.Serialization.JsonSerializerInternalReader.PopulateObject(Object newObject, JsonReader reader, JsonObjectContract contract, JsonProperty member, String id)
   at Newtonsoft.Json.Serialization.JsonSerializerInternalReader.CreateObject(JsonReader reader, Type objectType, JsonContract contract, JsonProperty member, JsonContainerContract containerContract, JsonProperty containerMember, Object existingValue)
   at Newtonsoft.Json.Serialization.JsonSerializerInternalReader.CreateValueInternal(JsonReader reader, Type objectType, JsonContract contract, JsonProperty member, JsonContainerContract containerContract, JsonProperty containerMember, Object existingValue)
   at Newtonsoft.Json.Serialization.JsonSerializerInternalReader.PopulateDictionary(IDictionary dictionary, JsonReader reader, JsonDictionaryContract contract, JsonProperty containerProperty, String id)
   at Newtonsoft.Json.Serialization.JsonSerializerInternalReader.CreateObject(JsonReader reader, Type objectType, JsonContract contract, JsonProperty member, JsonContainerContract containerContract, JsonProperty containerMember, Object existingValue)
   at Newtonsoft.Json.Serialization.JsonSerializerInternalReader.CreateValueInternal(JsonReader reader, Type objectType, JsonContract contract, JsonProperty member, JsonContainerContract containerContract, JsonProperty containerMember, Object existingValue)
   at Newtonsoft.Json.Serialization.JsonSerializerInternalReader.SetPropertyValue(JsonProperty property, JsonConverter propertyConverter, JsonContainerContract containerContract, JsonProperty containerProperty, JsonReader reader, Object target)
   at Newtonsoft.Json.Serialization.JsonSerializerInternalReader.PopulateObject(Object newObject, JsonReader reader, JsonObjectContract contract, JsonProperty member, String id)
   at Newtonsoft.Json.Serialization.JsonSerializerInternalReader.CreateObject(JsonReader reader, Type objectType, JsonContract contract, JsonProperty member, JsonContainerContract containerContract, JsonProperty containerMember, Object existingValue)
   at Newtonsoft.Json.Serialization.JsonSerializerInternalReader.CreateValueInternal(JsonReader reader, Type objectType, JsonContract contract, JsonProperty member, JsonContainerContract containerContract, JsonProperty containerMember, Object existingValue)
   at Newtonsoft.Json.Serialization.JsonSerializerInternalReader.Deserialize(JsonReader reader, Type objectType, Boolean checkAdditionalContent)
   at Newtonsoft.Json.JsonSerializer.DeserializeInternal(JsonReader reader, Type objectType)
   at Newtonsoft.Json.JsonConvert.DeserializeObject(String value, Type type, JsonSerializerSettings settings)
   at Newtonsoft.Json.JsonConvert.DeserializeObject[T](String value, JsonSerializerSettings settings)
   at Green.Apms.Terminal.Core.Services.BaseSettings`1.Load() in C:\Users\dinht\Downloads\sparking_20220125-default (1)\sparking_20220125-default\Green.Apms.Terminal.Core\Services\Settings\BaseSettings.cs:line 158 
